[2020-02-11 12:18:41] local.ERROR: SQLSTATE[28000] [1045] Access denied for user 'root'@'localhost' (using password: NO) (SQL: select * from information_schema.tables where table_schema = lit_social and table_name = options and table_type = 'BASE TABLE') {"exception":"[object] (Illuminate\\Database\\QueryException(code: 1045): SQLSTATE[28000] [1045] Access denied for user 'root'@'localhost' (using password: NO) (SQL: select * from information_schema.tables where table_schema = lit_social and table_name = options and table_type = 'BASE TABLE') at /home/ztzyf5nasjwr/public_html/lit.burnthickory.net/vendor/laravel/framework/src/Illuminate/Database/Connection.php:664, PDOException(code: 1045): SQLSTATE[28000] [1045] Access denied for user 'root'@'localhost' (using password: NO) at /home/ztzyf5nasjwr/public_html/lit.burnthickory.net/vendor/laravel/framework/src/Illuminate/Database/Connectors/Connector.php:70)
[stacktrace]
#0 /home/ztzyf5nasjwr/public_html/lit.burnthickory.net/vendor/laravel/framework/src/Illuminate/Database/Connection.php(624): Illuminate\\Database\\Connection->runQueryCallback('select * from i...', Array, Object(Closure))
#1 /home/ztzyf5nasjwr/public_html/lit.burnthickory.net/vendor/laravel/framework/src/Illuminate/Database/Connection.php(333): Illuminate\\Database\\Connection->run('select * from i...', Array, Object(Closure))
#2 /home/ztzyf5nasjwr/public_html/lit.burnthickory.net/vendor/laravel/framework/src/Illuminate/Database/Schema/MySqlBuilder.php(18): Illuminate\\Database\\Connection->select('select * from i...', Array)
#3 /home/ztzyf5nasjwr/public_html/lit.burnthickory.net/vendor/laravel/framework/src/Illuminate/Support/Facades/Facade.php(239): Illuminate\\Database\\Schema\\MySqlBuilder->hasTable('options')
#4 /home/ztzyf5nasjwr/public_html/lit.burnthickory.net/app/Providers/AppServiceProvider.php(29): Illuminate\\Support\\Facades\\Facade::__callStatic('hasTable', Array)
#5 [internal function]: App\\Providers\\AppServiceProvider->boot()
#6 /home/ztzyf5nasjwr/public_html/lit.burnthickory.net/vendor/laravel/framework/src/Illuminate/Container/BoundMethod.php(32): call_user_func_array(Array, Array)
#7 /home/ztzyf5nasjwr/public_html/lit.burnthickory.net/vendor/laravel/framework/src/Illuminate/Container/BoundMethod.php(90): Illuminate\\Container\\BoundMethod::Illuminate\\Container\\{closure}()
#8 /home/ztzyf5nasjwr/public_html/lit.burnthickory.net/vendor/laravel/framework/src/Illuminate/Container/BoundMethod.php(34): Illuminate\\Container\\BoundMethod::callBoundMethod(Object(Illuminate\\Foundation\\Application), Array, Object(Closure))
#9 /home/ztzyf5nasjwr/public_html/lit.burnthickory.net/vendor/laravel/framework/src/Illuminate/Container/Container.php(576): Illuminate\\Container\\BoundMethod::call(Object(Illuminate\\Foundation\\Application), Array, Array, NULL)
#10 /home/ztzyf5nasjwr/public_html/lit.burnthickory.net/vendor/laravel/framework/src/Illuminate/Foundation/Application.php(827): Illuminate\\Container\\Container->call(Array)
#11 /home/ztzyf5nasjwr/public_html/lit.burnthickory.net/vendor/laravel/framework/src/Illuminate/Foundation/Application.php(810): Illuminate\\Foundation\\Application->bootProvider(Object(App\\Providers\\AppServiceProvider))
#12 [internal function]: Illuminate\\Foundation\\Application->Illuminate\\Foundation\\{closure}(Object(App\\Providers\\AppServiceProvider), 20)
#13 /home/ztzyf5nasjwr/public_html/lit.burnthickory.net/vendor/laravel/framework/src/Illuminate/Foundation/Application.php(811): array_walk(Array, Object(Closure))
#14 /home/ztzyf5nasjwr/public_html/lit.burnthickory.net/vendor/laravel/framework/src/Illuminate/Foundation/Bootstrap/BootProviders.php(17): Illuminate\\Foundation\\Application->boot()
#15 /home/ztzyf5nasjwr/public_html/lit.burnthickory.net/vendor/laravel/framework/src/Illuminate/Foundation/Application.php(210): Illuminate\\Foundation\\Bootstrap\\BootProviders->bootstrap(Object(Illuminate\\Foundation\\Application))
#16 /home/ztzyf5nasjwr/public_html/lit.burnthickory.net/vendor/laravel/framework/src/Illuminate/Foundation/Http/Kernel.php(162): Illuminate\\Foundation\\Application->bootstrapWith(Array)
#17 /home/ztzyf5nasjwr/public_html/lit.burnthickory.net/vendor/laravel/framework/src/Illuminate/Foundation/Http/Kernel.php(146): Illuminate\\Foundation\\Http\\Kernel->bootstrap()
#18 /home/ztzyf5nasjwr/public_html/lit.burnthickory.net/vendor/laravel/framework/src/Illuminate/Foundation/Http/Kernel.php(116): Illuminate\\Foundation\\Http\\Kernel->sendRequestThroughRouter(Object(Illuminate\\Http\\Request))
#19 /home/ztzyf5nasjwr/public_html/lit.burnthickory.net/public/index.php(55): Illuminate\\Foundation\\Http\\Kernel->handle(Object(Illuminate\\Http\\Request))
#20 {main}
"} 
